Using pre-set license
Built from '2022.2/staging' branch; Version is '2022.2.20f1 (c5d806317f84) revision 12965894'; Using compiler version '192829333'; Build Type 'Release'
OS: 'Windows 11  (10.0.22621) 64bit ProfessionalN' Language: 'en' Physical Memory: 32670 MB
BatchMode: 1, IsHumanControllingUs: 0, StartBugReporterOnCrash: 0, Is64bit: 1, IsPro: 1

COMMAND LINE ARGUMENTS:
E:\Installations\Software\Unity\Editor\2022.2.20f1\Editor\Unity.exe
-adb2
-batchMode
-noUpm
-name
AssetImportWorker0
-projectPath
E:/Tutorials/Unity/unity_login_framework
-logFile
Logs/AssetImportWorker0.log
-srvPort
65468
Successfully changed project path to: E:/Tutorials/Unity/unity_login_framework
E:/Tutorials/Unity/unity_login_framework
[UnityMemory] Configuration Parameters - Can be set up in boot.config
    "memorysetup-bucket-allocator-granularity=16"
    "memorysetup-bucket-allocator-bucket-count=8"
    "memorysetup-bucket-allocator-block-size=33554432"
    "memorysetup-bucket-allocator-block-count=8"
    "memorysetup-main-allocator-block-size=16777216"
    "memorysetup-thread-allocator-block-size=16777216"
    "memorysetup-gfx-main-allocator-block-size=16777216"
    "memorysetup-gfx-thread-allocator-block-size=16777216"
    "memorysetup-cache-allocator-block-size=4194304"
    "memorysetup-typetree-allocator-block-size=2097152"
    "memorysetup-profiler-bucket-allocator-granularity=16"
    "memorysetup-profiler-bucket-allocator-bucket-count=8"
    "memorysetup-profiler-bucket-allocator-block-size=33554432"
    "memorysetup-profiler-bucket-allocator-block-count=8"
    "memorysetup-profiler-allocator-block-size=16777216"
    "memorysetup-profiler-editor-allocator-block-size=1048576"
    "memorysetup-temp-allocator-size-main=16777216"
    "memorysetup-job-temp-allocator-block-size=2097152"
    "memorysetup-job-temp-allocator-block-size-background=1048576"
    "memorysetup-job-temp-allocator-reduction-small-platforms=262144"
    "memorysetup-temp-allocator-size-background-worker=32768"
    "memorysetup-temp-allocator-size-job-worker=262144"
    "memorysetup-temp-allocator-size-preload-manager=33554432"
    "memorysetup-temp-allocator-size-nav-mesh-worker=65536"
    "memorysetup-temp-allocator-size-audio-worker=65536"
    "memorysetup-temp-allocator-size-cloud-worker=32768"
    "memorysetup-temp-allocator-size-gi-baking-worker=262144"
    "memorysetup-temp-allocator-size-gfx=262144"
Player connection [20912] Host "[IP] 192.168.0.195 [Port] 0 [Flags] 2 [Guid] 979070519 [EditorId] 979070519 [Version] 1048832 [Id] WindowsEditor(7,MMALI-Rig) [Debug] 1 [PackageName] WindowsEditor [ProjectName] Editor" joined multi-casting on [225.0.0.222:54997]...

Player connection [20912] Host "[IP] 192.168.0.195 [Port] 0 [Flags] 2 [Guid] 979070519 [EditorId] 979070519 [Version] 1048832 [Id] WindowsEditor(7,MMALI-Rig) [Debug] 1 [PackageName] WindowsEditor [ProjectName] Editor" joined alternative multi-casting on [225.0.0.222:34997]...

Refreshing native plugins compatible for Editor in 9.47 ms, found 2 plugins.
Preloading 0 native plugins for Editor in 0.00 ms.
Initialize engine version: 2022.2.20f1 (c5d806317f84)
[Subsystems] Discovering subsystems at path E:/Installations/Software/Unity/Editor/2022.2.20f1/Editor/Data/Resources/UnitySubsystems
[Subsystems] Discovering subsystems at path E:/Tutorials/Unity/unity_login_framework/Assets
GfxDevice: creating device client; threaded=0; jobified=0
Direct3D:
    Version:  Direct3D 11.0 [level 11.1]
    Renderer: AMD Radeon RX 6800 (ID=0x73bf)
    Vendor:   ATI
    VRAM:     16337 MB
    Driver:   31.0.21023.2010
Initialize mono
Mono path[0] = 'E:/Installations/Software/Unity/Editor/2022.2.20f1/Editor/Data/Managed'
Mono path[1] = 'E:/Installations/Software/Unity/Editor/2022.2.20f1/Editor/Data/MonoBleedingEdge/lib/mono/unityjit-win32'
Mono config path = 'E:/Installations/Software/Unity/Editor/2022.2.20f1/Editor/Data/MonoBleedingEdge/etc'
Using monoOptions --debugger-agent=transport=dt_socket,embedding=1,server=y,suspend=n,address=127.0.0.1:56344
Begin MonoManager ReloadAssembly
Registering precompiled unity dll's ...
Register platform support module: E:/Installations/Software/Unity/Editor/2022.2.20f1/Editor/Data/PlaybackEngines/WebGLSupport/UnityEditor.WebGL.Extensions.dll
Register platform support module: E:/Installations/Software/Unity/Editor/2022.2.20f1/Editor/Data/PlaybackEngines/AndroidPlayer/UnityEditor.Android.Extensions.dll
Register platform support module: E:/Installations/Software/Unity/Editor/2022.2.20f1/Editor/Data/PlaybackEngines/WindowsStandaloneSupport/UnityEditor.WindowsStandalone.Extensions.dll
Register platform support module: E:/Installations/Software/Unity/Editor/2022.2.20f1/Editor/Data/PlaybackEngines/MetroSupport/UnityEditor.UWP.Extensions.dll
Registered in 0.012689 seconds.
- Loaded All Assemblies, in  0.362 seconds
Native extension for UWP target not found
Native extension for WindowsStandalone target not found
Native extension for Android target not found
Android Extension - Scanning For ADB Devices 715 ms
Native extension for WebGL target not found
Mono: successfully reloaded assembly
- Finished resetting the current domain, in  1.055 seconds
Domain Reload Profiling:
	ReloadAssembly (208ms)
		BeginReloadAssembly (96ms)
			ExecutionOrderSort (0ms)
			DisableScriptedObjects (0ms)
			BackupInstance (0ms)
			ReleaseScriptingObjects (0ms)
			CreateAndSetChildDomain (1ms)
		LoadAllAssembliesAndSetupDomain (0ms)
			LoadAssemblies (95ms)
			RebuildTransferFunctionScriptingTraits (0ms)
			SetupTypeCache (150ms)
				TypeCache.Initialize (149ms)
					TypeCache.ScanAssembly (147ms)
				ResolveRequiredComponents (1ms)
		FinalizeReload (0ms)
			ReleaseScriptCaches (0ms)
			RebuildScriptCaches (0ms)
			SetupLoadedEditorAssemblies (990ms)
				LogAssemblyErrors (0ms)
				InitializePlatformSupportModulesInManaged (818ms)
				SetLoadedEditorAssemblies (3ms)
				RefreshPlugins (0ms)
				BeforeProcessingInitializeOnLoad (1ms)
				ProcessInitializeOnLoadAttributes (112ms)
				ProcessInitializeOnLoadMethodAttributes (56ms)
				AfterProcessingInitializeOnLoad (0ms)
				EditorAssembliesLoaded (0ms)
			ExecutionOrderSort2 (0ms)
			AwakeInstancesAfterBackupRestoration (0ms)
========================================================================
Worker process is ready to serve import requests
Begin MonoManager ReloadAssembly
Symbol file LoadedFromMemory is not a mono symbol file
- Loaded All Assemblies, in  0.638 seconds
Refreshing native plugins compatible for Editor in 5.09 ms, found 2 plugins.
Native extension for UWP target not found
Native extension for WindowsStandalone target not found
Native extension for Android target not found
Native extension for WebGL target not found
Mono: successfully reloaded assembly
- Finished resetting the current domain, in  0.528 seconds
Domain Reload Profiling:
	ReloadAssembly (199ms)
		BeginReloadAssembly (108ms)
			ExecutionOrderSort (0ms)
			DisableScriptedObjects (4ms)
			BackupInstance (0ms)
			ReleaseScriptingObjects (0ms)
			CreateAndSetChildDomain (27ms)
		LoadAllAssembliesAndSetupDomain (439ms)
			LoadAssemblies (248ms)
			RebuildTransferFunctionScriptingTraits (0ms)
			SetupTypeCache (239ms)
				TypeCache.Initialize (222ms)
					TypeCache.ScanAssembly (216ms)
				ResolveRequiredComponents (3ms)
		FinalizeReload (0ms)
			ReleaseScriptCaches (0ms)
			RebuildScriptCaches (0ms)
			SetupLoadedEditorAssemblies (377ms)
				LogAssemblyErrors (0ms)
				InitializePlatformSupportModulesInManaged (20ms)
				SetLoadedEditorAssemblies (2ms)
				RefreshPlugins (0ms)
				BeforeProcessingInitializeOnLoad (49ms)
				ProcessInitializeOnLoadAttributes (191ms)
				ProcessInitializeOnLoadMethodAttributes (113ms)
				AfterProcessingInitializeOnLoad (2ms)
				EditorAssembliesLoaded (0ms)
			ExecutionOrderSort2 (0ms)
			AwakeInstancesAfterBackupRestoration (15ms)
Launched and connected shader compiler UnityShaderCompiler.exe after 0.11 seconds
Refreshing native plugins compatible for Editor in 4.87 ms, found 2 plugins.
Preloading 0 native plugins for Editor in 0.00 ms.
Unloading 2392 Unused Serialized files (Serialized files now loaded: 0)
Unloading 61 unused Assets / (314.1 KB). Loaded Objects now: 2841.
Memory consumption went from 97.9 MB to 97.6 MB.
Total: 6.399900 ms (FindLiveObjects: 0.181600 ms CreateObjectMapping: 0.103300 ms MarkObjects: 5.983000 ms  DeleteObjects: 0.130600 ms)

AssetImportParameters requested are different than current active one (requested -> active):
  custom:video-decoder-webm-vp8: 9c59270c3fd7afecdb556c50c9e8de78 -> 
  custom:container-demuxer-ogg: 62fdf1f143b41e24485cea50d1cbac27 -> 
  custom:AudioImporter_EditorPlatform: d09bf68614088b80899f8185d706f6e7 -> 
  custom:video-codec-MediaFoundation-h265: 746d11721c4dcdbdad8f713fa42b33f4 -> 
  custom:video-decoder-ogg-theora: a1e56fd34408186e4bbccfd4996cb3dc -> 
  custom:framework-win-MediaFoundation: 216162199b28c13a410421893ffa2e32 -> 
  custom:video-encoder-webm-vp8: eb34c28f22e8b96e1ab97ce403110664 -> 
  custom:audio-decoder-ogg-vorbis: bf7c407c2cedff20999df2af8eb42d56 -> 
  custom:container-demuxer-webm: 4f35f7cbe854078d1ac9338744f61a02 -> 
  custom:audio-encoder-webm-vorbis: bf7c407c2cedff20999df2af8eb42d56 -> 
  custom:container-muxer-webm: aa71ff27fc2769a1b78a27578f13a17b -> 
========================================================================
Received Import Request.
  Time since last request: 6368.869916 seconds.
  path: Assets/LoginDemo
  artifactKey: Guid(12edd2e421f4b6342ae65c09995aacca) Importer(815301076,1909f56bfc062723c751e8b465ee728b)
Start importing Assets/LoginDemo using Guid(12edd2e421f4b6342ae65c09995aacca) Importer(815301076,1909f56bfc062723c751e8b465ee728b)  -> (artifact id: '3303ebf09cacdf80fe10de39cce48bf7') in 0.001407 seconds
Number of updated asset objects reloaded before import = 0
Number of asset objects unloaded after import = 0
========================================================================
Received Import Request.
  Time since last request: 0.000050 seconds.
  path: Assets/LoginDemo/Scenes
  artifactKey: Guid(c10b81f3efff52a44bb1de3bbb513338) Importer(815301076,1909f56bfc062723c751e8b465ee728b)
Start importing Assets/LoginDemo/Scenes using Guid(c10b81f3efff52a44bb1de3bbb513338) Importer(815301076,1909f56bfc062723c751e8b465ee728b)  -> (artifact id: '3556ddbd97dc19f861c54a09ce43378e') in 0.000356 seconds
Number of updated asset objects reloaded before import = 0
Number of asset objects unloaded after import = 0
========================================================================
Received Import Request.
  Time since last request: 0.000110 seconds.
  path: Assets/LoginDemo/Scenes/LoginDemo.unity
  artifactKey: Guid(f44ec5b1b4bc2774bbff8bc118674b3d) Importer(815301076,1909f56bfc062723c751e8b465ee728b)
Start importing Assets/LoginDemo/Scenes/LoginDemo.unity using Guid(f44ec5b1b4bc2774bbff8bc118674b3d) Importer(815301076,1909f56bfc062723c751e8b465ee728b)  -> (artifact id: 'f573f7bd5c25d7f533be75a871c84dc0') in 0.000299 seconds
Number of updated asset objects reloaded before import = 0
Number of asset objects unloaded after import = 0
========================================================================
Received Import Request.
  Time since last request: 10.158445 seconds.
  path: Assets/LoginDemo/Images
  artifactKey: Guid(13e7e22c2c7d81c44ac077bc93b4a1ab) Importer(815301076,1909f56bfc062723c751e8b465ee728b)
Start importing Assets/LoginDemo/Images using Guid(13e7e22c2c7d81c44ac077bc93b4a1ab) Importer(815301076,1909f56bfc062723c751e8b465ee728b)  -> (artifact id: '3659a69e25c1dbed6dfc66ac7a4eb3ca') in 0.000580 seconds
Number of updated asset objects reloaded before import = 0
Number of asset objects unloaded after import = 0
========================================================================
Received Import Request.
  Time since last request: 0.117288 seconds.
  path: Assets/LoginDemo/Images/firebase-signin.png
  artifactKey: Guid(940d7555a2a346841bb7ed641eceb2b8) Importer(815301076,1909f56bfc062723c751e8b465ee728b)
Start importing Assets/LoginDemo/Images/firebase-signin.png using Guid(940d7555a2a346841bb7ed641eceb2b8) Importer(815301076,1909f56bfc062723c751e8b465ee728b)  -> (artifact id: 'd63847391553ec4c8bbf8b17248d7dac') in 0.086616 seconds
Number of updated asset objects reloaded before import = 0
Number of asset objects unloaded after import = 7
========================================================================
Received Import Request.
  Time since last request: 0.000014 seconds.
  path: Assets/LoginDemo/Images/signin.png
  artifactKey: Guid(bdf82b120fcaa7743b24d3ec1cd60872) Importer(815301076,1909f56bfc062723c751e8b465ee728b)
Start importing Assets/LoginDemo/Images/signin.png using Guid(bdf82b120fcaa7743b24d3ec1cd60872) Importer(815301076,1909f56bfc062723c751e8b465ee728b)  -> (artifact id: '207c608cb06a1f3ddcf01b24977b05fa') in 0.018425 seconds
Number of updated asset objects reloaded before import = 0
Number of asset objects unloaded after import = 4
========================================================================
Received Import Request.
  Time since last request: 2.485669 seconds.
  path: Assets/LoginDemo/Scripts
  artifactKey: Guid(3fd806589d391974aba25589b7f9ea1f) Importer(815301076,1909f56bfc062723c751e8b465ee728b)
Start importing Assets/LoginDemo/Scripts using Guid(3fd806589d391974aba25589b7f9ea1f) Importer(815301076,1909f56bfc062723c751e8b465ee728b)  -> (artifact id: '3bc8dec988cb2cae71eac8f20c1bd087') in 0.000427 seconds
Number of updated asset objects reloaded before import = 0
Number of asset objects unloaded after import = 0
========================================================================
Received Import Request.
  Time since last request: 4.802881 seconds.
  path: Assets/LoginFramework
  artifactKey: Guid(08e4c48200e2fc9469dac2ec7bec6583) Importer(815301076,1909f56bfc062723c751e8b465ee728b)
Start importing Assets/LoginFramework using Guid(08e4c48200e2fc9469dac2ec7bec6583) Importer(815301076,1909f56bfc062723c751e8b465ee728b)  -> (artifact id: 'b161537b831519229b7dd9296d1eca92') in 0.000390 seconds
Number of updated asset objects reloaded before import = 0
Number of asset objects unloaded after import = 0
========================================================================
Received Import Request.
  Time since last request: 1.019414 seconds.
  path: Assets/LoginFramework/Scripts
  artifactKey: Guid(7f3c198bac0aebf40beb7e1fc8d0180a) Importer(815301076,1909f56bfc062723c751e8b465ee728b)
Start importing Assets/LoginFramework/Scripts using Guid(7f3c198bac0aebf40beb7e1fc8d0180a) Importer(815301076,1909f56bfc062723c751e8b465ee728b)  -> (artifact id: 'aa302b5dbc1396e64fa94f6ed2a37ce7') in 0.000495 seconds
Number of updated asset objects reloaded before import = 0
Number of asset objects unloaded after import = 0
========================================================================
Received Import Request.
  Time since last request: 1.410928 seconds.
  path: Assets/LoginFramework/Scripts/LoginUser.cs
  artifactKey: Guid(668f1909f199244478b324c5e6a3da01) Importer(815301076,1909f56bfc062723c751e8b465ee728b)
Start importing Assets/LoginFramework/Scripts/LoginUser.cs using Guid(668f1909f199244478b324c5e6a3da01) Importer(815301076,1909f56bfc062723c751e8b465ee728b)  -> (artifact id: 'e143521ea44e76deaeb9f23be1d39723') in 0.000391 seconds
Number of updated asset objects reloaded before import = 0
Number of asset objects unloaded after import = 0
========================================================================
Received Import Request.
  Time since last request: 4.398441 seconds.
  path: Assets/LoginFramework/Scripts/PlatformEnums.cs
  artifactKey: Guid(69cc626dfaec4ed45bdccd8375354fcd) Importer(815301076,1909f56bfc062723c751e8b465ee728b)
Start importing Assets/LoginFramework/Scripts/PlatformEnums.cs using Guid(69cc626dfaec4ed45bdccd8375354fcd) Importer(815301076,1909f56bfc062723c751e8b465ee728b)  -> (artifact id: 'e34d817eab73af83a60df46f6560b733') in 0.000654 seconds
Number of updated asset objects reloaded before import = 0
Number of asset objects unloaded after import = 0
========================================================================
Received Import Request.
  Time since last request: 1.014352 seconds.
  path: Assets/LoginFramework/Scripts/ServerAuthManager.cs
  artifactKey: Guid(d7ca3341c471dd04c9eac58d68af3d6c) Importer(815301076,1909f56bfc062723c751e8b465ee728b)
Start importing Assets/LoginFramework/Scripts/ServerAuthManager.cs using Guid(d7ca3341c471dd04c9eac58d68af3d6c) Importer(815301076,1909f56bfc062723c751e8b465ee728b)  -> (artifact id: '30dce6605b6ddd2ba1e86eb1f2a804b8') in 0.000566 seconds
Number of updated asset objects reloaded before import = 0
Number of asset objects unloaded after import = 0
